\anonymous-data\offchain\meshjs> deno run -A anonymous-data.ts commit wallet_0.json nonce-729873 escrow-record-key-01
=== commitData: input params ===
{
  walletFile: "wallet_0.json",
  nonceHex: "6e6f6e63652d373239383733",
  dataHex: "657363726f772d7265636f72642d6b65792d3031"
}
=== wallet info ===
{
  NETWORK: "preprod",
  NETWORK_ID: 0,
  changeAddress: "addr_test1qpgnwnw0ffusjr86kmqrcfmtlruef7ldegkpakg2ppd7memm3c7l45wf0md3uqw8mlwh43gxuyakvk0dthhjg75a09pqeap7m2",
  signerPkh: "51374dcf4a79090cfab6c03c276bf8f994fbedca2c1ed90a085bede7"
}
=== derived values ===
{
  idHex: "5aacb783e398e7aa289f88b0444429021697d47bf5403b376fb1cb4480d0fd07"
}
=== script info ===
{
  policyId: "5f484cf8dac996305edc10a8ea4cbd286661cc034aed92dbbdd076ea",
  scriptAddress: "addr_test1wp05sn8cmtyevvz7msg236jvh55xvcwvqd9wmykmhhg8d6scntd66",
  script: "59035859035501010029800aba2aba1aba0aab9faab9eaab9dab9a48888889660033001300337540112232330010010032259800800c530103d87a80008992cc004c010006266e9520003300a0014bd7044cc00c0
0cc0300090061805000a01091919800800801112cc004006297ae08991991199119801001000912cc00400620071323300e374e6601c6ea4014cc038c02c004cc038c0300052f5c0660060066020004601c0028060dd59804801
9bae300600133003003300b0023009001401d2300730080019b87480026e1d20024888888c8ca600260146ea8006601c011300e002488966002600e007198009bae3011300e3754009375c00330123012300e375400523012301
3301300148889660026466002002601c6eacc058c05cc05c00c896600200314a1159800992cc004cdc79bae30180010078acc004cdc79bae300f001006898069bad30040018a50404d14a08098dd6180b800c528c4cc008008c0
60005012202a8992cc004c030c048dd5000c56600266e1d200430123754600460266ea8c058c04cdd5000c528c59011452820223300e3758602a004460166466446600400400244b3001001801c4c8cc896600266e4402800a2b
30013371e0140051001803202e899802802980e802202e375c602c0026eb4c05c004c0640050171919198008009bab30103016375400844b3001001801c4c8cc896600266e4403000a2b30013371e01800510018032030899802
802980f0022030375c602e0026eacc060004c0680050180a5eb7bdb180520008a5040408acc004c01800e264664530013300d37586028002466ebcc054c048dd5000801cdd70024c050c05400d22259800980698099baa003899
2cc004c06400626464b3001300f375a6034603600513233001001375860366038603860386038603860386038603801044b30010018a508acc004cdc79b94337146eb8c07000401c00e2946266004004603a00280b901a459015
1bae3019001301937586030003164058646600200260206eacc03cc054dd51807980a9baa30183015375400844b30010018a5eb8226644b3001980099b8f375c6036004910100a50a51405913301a374e0046600800800313300400400140586eb0c064004c0680050174590120c048004c03cdd500198071baa0048b20184030300d300e001300d006452689b2b20021"
}
=== PRE-TXBUILDER SNAPSHOT ===
{
  changeAddress: "addr_test1qpgnwnw0ffusjr86kmqrcfmtlruef7ldegkpakg2ppd7memm3c7l45wf0md3uqw8mlwh43gxuyakvk0dthhjg75a09pqeap7m2",
  signerPkh: "51374dcf4a79090cfab6c03c276bf8f994fbedca2c1ed90a085bede7",
  nonceHex: "6e6f6e63652d373239383733",
  dataHex: "657363726f772d7265636f72642d6b65792d3031",
  idHex: "5aacb783e398e7aa289f88b0444429021697d47bf5403b376fb1cb4480d0fd07",
  policyId: "5f484cf8dac996305edc10a8ea4cbd286661cc034aed92dbbdd076ea",
  scriptAddress: "addr_test1wp05sn8cmtyevvz7msg236jvh55xvcwvqd9wmykmhhg8d6scntd66",
  collateral: [
    {
      input: {
        outputIndex: 0,
        txHash: "405bc978e536723464f3bb637613ac28269b37058918bac69f21d6afdfad4573"
      },
      output: {
        address: "addr_test1qpgnwnw0ffusjr86kmqrcfmtlruef7ldegkpakg2ppd7memm3c7l45wf0md3uqw8mlwh43gxuyakvk0dthhjg75a09pqeap7m2",
        amount: [ [Object] ],
        dataHash: undefined,
        plutusData: undefined,
        scriptRef: undefined
      }
    }
  ]
}
✅ Commit tx submitted: ab2b1f36d062c500e30bc2415380d6bb1d1a011ff6210155bc401e9133aa6be0
 Secret ID: 5aacb783e398e7aa289f88b0444429021697d47bf5403b376fb1cb4480d0fd07
 Policy ID: 5f484cf8dac996305edc10a8ea4cbd286661cc034aed92dbbdd076ea
\anonymous-data\offchain\meshjs> deno run -A anonymous-data.ts reveal wallet_0.json nonce-729873                     
=== revealData: start ===
{ walletFile: "wallet_0.json", nonceHex: "6e6f6e63652d373239383733" }
=== wallet context ===
{
  NETWORK: "preprod",
  changeAddress: "addr_test1qpgnwnw0ffusjr86kmqrcfmtlruef7ldegkpakg2ppd7memm3c7l45wf0md3uqw8mlwh43gxuyakvk0dthhjg75a09pqeap7m2",
  signerPkh: "51374dcf4a79090cfab6c03c276bf8f994fbedca2c1ed90a085bede7"
}
=== script info ===
{
  scriptAddress: "addr_test1wp05sn8cmtyevvz7msg236jvh55xvcwvqd9wmykmhhg8d6scntd66",
  policyId: "5f484cf8dac996305edc10a8ea4cbd286661cc034aed92dbbdd076ea"
}
=== recomputed commit ID ===
{
  idHex: "5aacb783e398e7aa289f88b0444429021697d47bf5403b376fb1cb4480d0fd07",
  unit: "5f484cf8dac996305edc10a8ea4cbd286661cc034aed92dbbdd076ea5aacb783e398e7aa289f88b0444429021697d47bf5403b376fb1cb4480d0fd07"
}
=== committed UTxO selected ===
{
  txHash: "ab2b1f36d062c500e30bc2415380d6bb1d1a011ff6210155bc401e9133aa6be0",
  outputIndex: 0,
  amount: [
    { unit: "lovelace", quantity: "1267140" },
    {
      unit: "5f484cf8dac996305edc10a8ea4cbd286661cc034aed92dbbdd076ea5aacb783e398e7aa289f88b0444429021697d47bf5403b376fb1cb4480d0fd07",
      quantity: "1"
    }
  ]
}
=== wallet UTxOs ===
{
  utxoCount: 45,
  collateral: [
    {
      input: {
        outputIndex: 1,
        txHash: "32e2a24930a35fbbcb83b8501cc4bf06660f0d0ac7b497c9fe4cff40f7155ea0"
      },
      output: {
        address: "addr_test1qpgnwnw0ffusjr86kmqrcfmtlruef7ldegkpakg2ppd7memm3c7l45wf0md3uqw8mlwh43gxuyakvk0dthhjg75a09pqeap7m2",
        amount: [ [Object] ],
        dataHash: undefined,
        plutusData: undefined,
        scriptRef: undefined,
        scriptHash: undefined
      }
    }
  ]
}
=== building reveal transaction ===
=== transaction built ===
{
  txHex: "84a700d901028282582052d5f3e4fee0f61c9b2048549310589c94161f819d20d94b15111cf5f8762cd901825820ab2b1f36d062c500e30bc2415380d6bb1d1a011ff6210155bc401e9133aa6be000018282583900
51374dcf4a79090cfab6c03c276bf8f994fbedca2c1ed90a085bede77b8e3dfad1c97edb1e01c7dfdd7ac506e13b6659ed5def247a9d7942821a001344eea1581c5f484cf8dac996305edc10a8ea4cbd286661cc034aed92dbbd
d076eaa158205aacb783e398e7aa289f88b0444429021697d47bf5403b376fb1cb4480d0fd07018258390051374dcf4a79090cfab6c03c276bf8f994fbedca2c1ed90a085bede77b8e3dfad1c97edb1e01c7dfdd7ac506e13b66
59ed5def247a9d79421a00330ba8021a00036e97075820bdaa99eb158414dea0a91d6c727e2268574b23efe6e08ab3b841abe8059a030c0b5820355069657fd26ecc5d9aef967444c1d5ff32845157a9e4e74827bb625184290e
0dd901028182582032e2a24930a35fbbcb83b8501cc4bf06660f0d0ac7b497c9fe4cff40f7155ea0010ed9010281581c51374dcf4a79090cfab6c03c276bf8f994fbedca2c1ed90a085bede7a205a1820001824c6e6f6e63652d
373239383733821a000123471a018376cb07d901028159035859035501010029800aba2aba1aba0aab9faab9eaab9dab9a48888889660033001300337540112232330010010032259800800c530103d87a80008992cc004c0100
06266e9520003300a0014bd7044cc00c00cc0300090061805000a01091919800800801112cc004006297ae08991991199119801001000912cc00400620071323300e374e6601c6ea4014cc038c02c004cc038c0300052f5c0660
060066020004601c0028060dd598048019bae300600133003003300b0023009001401d2300730080019b87480026e1d20024888888c8ca600260146ea8006601c011300e002488966002600e007198009bae3011300e37540093
75c00330123012300e3754005230123013301300148889660026466002002601c6eacc058c05cc05c00c896600200314a1159800992cc004cdc79bae30180010078acc004cdc79bae300f001006898069bad30040018a50404d1
4a08098dd6180b800c528c4cc008008c060005012202a8992cc004c030c048dd5000c56600266e1d200430123754600460266ea8c058c04cdd5000c528c59011452820223300e3758602a004460166466446600400400244b300
1001801c4c8cc896600266e4402800a2b30013371e0140051001803202e899802802980e802202e375c602c0026eb4c05c004c0640050171919198008009bab30103016375400844b3001001801c4c8cc896600266e4403000a2
b30013371e01800510018032030899802802980f0022030375c602e0026eacc060004c0680050180a5eb7bdb180520008a5040408acc004c01800e264664530013300d37586028002466ebcc054c048dd5000801cdd70024c050
c05400d22259800980698099baa0038992cc004c06400626464b3001300f375a6034603600513233001001375860366038603860386038603860386038603801044b30010018a508acc004cdc79b94337146eb8c07000401c00e
2946266004004603a00280b901a4590151bae3019001301937586030003164058646600200260206eacc03cc054dd51807980a9baa30183015375400844b30010018a5eb8226644b3001980099b8f375c6036004910100a50a51405913301a374e0046600800800313300400400140586eb0c064004c0680050174590120c048004c03cdd500198071baa0048b20184030300d300e001300d006452689b2b20021f5d90103a0"
}
✅ Reveal tx submitted: f4cbc64d17d3ed22119b73d511b23c3900668851b8f1bbbb824fede95d9d52ed

